<?xml version="1.0" encoding="UTF-8" ?>
<testsuite tests="3" failures="1" name="refactored.io.ProductDataImporterTest" time="0.503" errors="0" skipped="0">
  <properties>
    <property name="java.runtime.name" value="OpenJDK Runtime Environment"/>
    <property name="java.vm.version" value="17.0.5+8-jvmci-22.3-b08"/>
    <property name="sun.boot.library.path" value="/nix/store/gpxl5qgg8kicmcvivwmybwjlpf7wh20l-graalvm17-ce-22.3.0/lib"/>
    <property name="maven.multiModuleProjectDirectory" value="/home/runner/workspace"/>
    <property name="java.vm.vendor" value="GraalVM Community"/>
    <property name="java.vendor.url" value="https://www.graalvm.org/"/>
    <property name="guice.disable.misplaced.annotation.check" value="true"/>
    <property name="path.separator" value=":"/>
    <property name="java.vm.name" value="OpenJDK 64-Bit Server VM"/>
    <property name="user.country" value="US"/>
    <property name="sun.java.launcher" value="SUN_STANDARD"/>
    <property name="java.vm.specification.name" value="Java Virtual Machine Specification"/>
    <property name="user.dir" value="/home/runner/workspace"/>
    <property name="java.vm.compressedOopsMode" value="Zero based"/>
    <property name="java.runtime.version" value="17.0.5+8-jvmci-22.3-b08"/>
    <property name="os.arch" value="amd64"/>
    <property name="java.io.tmpdir" value="/tmp"/>
    <property name="line.separator" value="
"/>
    <property name="java.vm.specification.vendor" value="Oracle Corporation"/>
    <property name="jdk.internal.vm.ci.enabled" value="true"/>
    <property name="os.name" value="Linux"/>
    <property name="classworlds.conf" value="/nix/store/6z9ag3ihc8mq2hzsw48lhbznvzny65nz-apache-maven-3.8.6/maven/bin/m2.conf"/>
    <property name="sun.jnu.encoding" value="UTF-8"/>
    <property name="java.library.path" value="/nix/store/a4pff549sk2idnkpzk5nsfps3mdkdnvm-cups-2.4.2-lib/lib:/nix/store/72mqxxhh3cy5yifh92wh2yb8cl2hikyy-cairo-1.16.0/lib:/nix/store/2k366jrbsra97gjfxwvrhvixjfxdach5-glib-2.74.1/lib:/nix/store/2j2znigd8ak37rlwh9khz0ry3clqlw1l-gtk+3-3.24.34/lib:/usr/java/packages/lib:/usr/lib64:/lib64:/lib:/usr/lib"/>
    <property name="maven.conf" value="/nix/store/6z9ag3ihc8mq2hzsw48lhbznvzny65nz-apache-maven-3.8.6/maven/conf"/>
    <property name="jdk.debug" value="release"/>
    <property name="java.class.version" value="61.0"/>
    <property name="java.specification.name" value="Java Platform API Specification"/>
    <property name="sun.management.compiler" value="HotSpot 64-Bit Tiered Compilers"/>
    <property name="os.version" value="6.2.16"/>
    <property name="library.jansi.path" value="/nix/store/6z9ag3ihc8mq2hzsw48lhbznvzny65nz-apache-maven-3.8.6/maven/lib/jansi-native"/>
    <property name="user.home" value="/home/runner"/>
    <property name="user.timezone" value="GMT"/>
    <property name="file.encoding" value="UTF-8"/>
    <property name="java.specification.version" value="17"/>
    <property name="user.name" value="runner"/>
    <property name="java.class.path" value="/nix/store/6z9ag3ihc8mq2hzsw48lhbznvzny65nz-apache-maven-3.8.6/maven/boot/plexus-classworlds-2.6.0.jar"/>
    <property name="java.vm.specification.version" value="17"/>
    <property name="sun.arch.data.model" value="64"/>
    <property name="sun.java.command" value="org.codehaus.plexus.classworlds.launcher.Launcher test"/>
    <property name="java.home" value="/nix/store/gpxl5qgg8kicmcvivwmybwjlpf7wh20l-graalvm17-ce-22.3.0"/>
    <property name="user.language" value="en"/>
    <property name="java.specification.vendor" value="Oracle Corporation"/>
    <property name="java.vm.info" value="mixed mode, sharing"/>
    <property name="java.version" value="17.0.5"/>
    <property name="native.encoding" value="UTF-8"/>
    <property name="java.vendor" value="GraalVM Community"/>
    <property name="sun.stderr.encoding" value="UTF-8"/>
    <property name="maven.home" value="/nix/store/6z9ag3ihc8mq2hzsw48lhbznvzny65nz-apache-maven-3.8.6/maven"/>
    <property name="file.separator" value="/"/>
    <property name="java.version.date" value="2022-10-18"/>
    <property name="java.vendor.url.bug" value="https://github.com/oracle/graal/issues"/>
    <property name="sun.io.unicode.encoding" value="UnicodeLittle"/>
    <property name="sun.cpu.endian" value="little"/>
    <property name="java.vendor.version" value="GraalVM CE 22.3.0"/>
    <property name="sun.stdout.encoding" value="UTF-8"/>
  </properties>
  <testcase classname="refactored.io.ProductDataImporterTest" name="givenInValidImportFile_WithDuplicateEntries_ImporterMustSkipDuplicates" time="0.33"/>
  <testcase classname="refactored.io.ProductDataImporterTest" name="givenValidImportFile_ImporterMustLoadFile" time="0.085"/>
  <testcase classname="refactored.io.ProductDataImporterTest" name="givenInValidImportFile_WithCorruptData_ImporterMustSkipCorruptedData" time="0.088">
    <failure message="expected:&lt;2&gt; but was:&lt;1&gt;" type="java.lang.AssertionError">java.lang.AssertionError: expected:&lt;2&gt; but was:&lt;1&gt;
	at org.junit.Assert.fail(Assert.java:88)
	at org.junit.Assert.failNotEquals(Assert.java:834)
	at org.junit.Assert.assertEquals(Assert.java:645)
	at org.junit.Assert.assertEquals(Assert.java:631)
	at refactored.io.ProductDataImporterTest.givenInValidImportFile_WithCorruptData_ImporterMustSkipCorruptedData(ProductDataImporterTest.java:176)
	at java.base/jdk.internal.reflect.NativeMethodAccessorImpl.invoke0(Native Method)
	at java.base/jdk.internal.reflect.NativeMethodAccessorImpl.invoke(NativeMethodAccessorImpl.java:77)
	at java.base/jdk.internal.reflect.DelegatingMethodAccessorImpl.invoke(DelegatingMethodAccessorImpl.java:43)
	at java.base/java.lang.reflect.Method.invoke(Method.java:568)
	at org.junit.runners.model.FrameworkMethod$1.runReflectiveCall(FrameworkMethod.java:50)
	at org.junit.internal.runners.model.ReflectiveCallable.run(ReflectiveCallable.java:12)
	at org.junit.runners.model.FrameworkMethod.invokeExplosively(FrameworkMethod.java:47)
	at org.junit.internal.runners.statements.InvokeMethod.evaluate(InvokeMethod.java:17)
	at org.junit.internal.runners.statements.RunBefores.evaluate(RunBefores.java:26)
	at org.junit.runners.ParentRunner.runLeaf(ParentRunner.java:325)
	at org.junit.runners.BlockJUnit4ClassRunner.runChild(BlockJUnit4ClassRunner.java:78)
	at org.junit.runners.BlockJUnit4ClassRunner.runChild(BlockJUnit4ClassRunner.java:57)
	at org.junit.runners.ParentRunner$3.run(ParentRunner.java:290)
	at org.junit.runners.ParentRunner$1.schedule(ParentRunner.java:71)
	at org.junit.runners.ParentRunner.runChildren(ParentRunner.java:288)
	at org.junit.runners.ParentRunner.access$000(ParentRunner.java:58)
	at org.junit.runners.ParentRunner$2.evaluate(ParentRunner.java:268)
	at org.junit.runners.ParentRunner.run(ParentRunner.java:363)
	at org.apache.maven.surefire.junit4.JUnit4Provider.execute(JUnit4Provider.java:252)
	at org.apache.maven.surefire.junit4.JUnit4Provider.executeTestSet(JUnit4Provider.java:141)
	at org.apache.maven.surefire.junit4.JUnit4Provider.invoke(JUnit4Provider.java:112)
	at java.base/jdk.internal.reflect.NativeMethodAccessorImpl.invoke0(Native Method)
	at java.base/jdk.internal.reflect.NativeMethodAccessorImpl.invoke(NativeMethodAccessorImpl.java:77)
	at java.base/jdk.internal.reflect.DelegatingMethodAccessorImpl.invoke(DelegatingMethodAccessorImpl.java:43)
	at java.base/java.lang.reflect.Method.invoke(Method.java:568)
	at org.apache.maven.surefire.util.ReflectionUtils.invokeMethodWithArray(ReflectionUtils.java:189)
	at org.apache.maven.surefire.booter.ProviderFactory$ProviderProxy.invoke(ProviderFactory.java:165)
	at org.apache.maven.surefire.booter.ProviderFactory.invokeProvider(ProviderFactory.java:85)
	at org.apache.maven.surefire.booter.ForkedBooter.runSuitesInProcess(ForkedBooter.java:115)
	at org.apache.maven.surefire.booter.ForkedBooter.main(ForkedBooter.java:75)
</failure>
    <system-err>Aug 05, 2025 12:36:36 AM refactored.io.ProductDataImporter importData
INFO: Loading data from file: /tmp/product-data-16083598490779615817.txt
Aug 05, 2025 12:36:36 AM refactored.io.ProductDataImporter importData
FINE: Processing line: type=book
Aug 05, 2025 12:36:36 AM refactored.io.ProductDataImporter importData
FINE: Processing line: id=CorruptId
Aug 05, 2025 12:36:36 AM refactored.io.ProductDataImporter importData
FINE: Processing line: name=Effective Java
Aug 05, 2025 12:36:36 AM refactored.io.ProductDataImporter importData
FINE: Processing line: price=49.99
Aug 05, 2025 12:36:36 AM refactored.io.ProductDataImporter importData
FINE: Processing line: year=2023
Aug 05, 2025 12:36:36 AM refactored.io.ProductDataImporter importData
FINE: Processing line: author=Joshua Bloch
Aug 05, 2025 12:36:36 AM refactored.io.ProductDataImporter importData
FINE: Processing line: publisher=Addison-Wesley
Aug 05, 2025 12:36:36 AM refactored.io.ProductDataImporter importData
FINE: Processing line: 
Aug 05, 2025 12:36:36 AM refactored.io.ProductDataImporter importData
FINE: Setting up new product
Aug 05, 2025 12:36:36 AM refactored.io.ProductDataImporter importData
WARNING: Unable to parse book data
java.lang.IllegalArgumentException: ID must be 6 digits long and contain only numbers
	at refactored.model.Product.validateID(Product.java:19)
	at refactored.model.Product.&lt;init&gt;(Product.java:12)
	at refactored.model.Book.&lt;init&gt;(Book.java:15)
	at refactored.io.ProductDataImporter.importData(ProductDataImporter.java:63)
	at refactored.io.ProductDataImporterTest.givenInValidImportFile_WithCorruptData_ImporterMustSkipCorruptedData(ProductDataImporterTest.java:173)
	at java.base/jdk.internal.reflect.NativeMethodAccessorImpl.invoke0(Native Method)
	at java.base/jdk.internal.reflect.NativeMethodAccessorImpl.invoke(NativeMethodAccessorImpl.java:77)
	at java.base/jdk.internal.reflect.DelegatingMethodAccessorImpl.invoke(DelegatingMethodAccessorImpl.java:43)
	at java.base/java.lang.reflect.Method.invoke(Method.java:568)
	at org.junit.runners.model.FrameworkMethod$1.runReflectiveCall(FrameworkMethod.java:50)
	at org.junit.internal.runners.model.ReflectiveCallable.run(ReflectiveCallable.java:12)
	at org.junit.runners.model.FrameworkMethod.invokeExplosively(FrameworkMethod.java:47)
	at org.junit.internal.runners.statements.InvokeMethod.evaluate(InvokeMethod.java:17)
	at org.junit.internal.runners.statements.RunBefores.evaluate(RunBefores.java:26)
	at org.junit.runners.ParentRunner.runLeaf(ParentRunner.java:325)
	at org.junit.runners.BlockJUnit4ClassRunner.runChild(BlockJUnit4ClassRunner.java:78)
	at org.junit.runners.BlockJUnit4ClassRunner.runChild(BlockJUnit4ClassRunner.java:57)
	at org.junit.runners.ParentRunner$3.run(ParentRunner.java:290)
	at org.junit.runners.ParentRunner$1.schedule(ParentRunner.java:71)
	at org.junit.runners.ParentRunner.runChildren(ParentRunner.java:288)
	at org.junit.runners.ParentRunner.access$000(ParentRunner.java:58)
	at org.junit.runners.ParentRunner$2.evaluate(ParentRunner.java:268)
	at org.junit.runners.ParentRunner.run(ParentRunner.java:363)
	at org.apache.maven.surefire.junit4.JUnit4Provider.execute(JUnit4Provider.java:252)
	at org.apache.maven.surefire.junit4.JUnit4Provider.executeTestSet(JUnit4Provider.java:141)
	at org.apache.maven.surefire.junit4.JUnit4Provider.invoke(JUnit4Provider.java:112)
	at java.base/jdk.internal.reflect.NativeMethodAccessorImpl.invoke0(Native Method)
	at java.base/jdk.internal.reflect.NativeMethodAccessorImpl.invoke(NativeMethodAccessorImpl.java:77)
	at java.base/jdk.internal.reflect.DelegatingMethodAccessorImpl.invoke(DelegatingMethodAccessorImpl.java:43)
	at java.base/java.lang.reflect.Method.invoke(Method.java:568)
	at org.apache.maven.surefire.util.ReflectionUtils.invokeMethodWithArray(ReflectionUtils.java:189)
	at org.apache.maven.surefire.booter.ProviderFactory$ProviderProxy.invoke(ProviderFactory.java:165)
	at org.apache.maven.surefire.booter.ProviderFactory.invokeProvider(ProviderFactory.java:85)
	at org.apache.maven.surefire.booter.ForkedBooter.runSuitesInProcess(ForkedBooter.java:115)
	at org.apache.maven.surefire.booter.ForkedBooter.main(ForkedBooter.java:75)

Aug 05, 2025 12:36:36 AM refactored.io.ProductDataImporter importData
FINE: Processing line: type=book
Aug 05, 2025 12:36:36 AM refactored.io.ProductDataImporter importData
FINE: Processing line: id=123456
Aug 05, 2025 12:36:36 AM refactored.io.ProductDataImporter importData
FINE: Processing line: name=Effective Java
Aug 05, 2025 12:36:36 AM refactored.io.ProductDataImporter importData
FINE: Processing line: price=49.99
Aug 05, 2025 12:36:36 AM refactored.io.ProductDataImporter importData
FINE: Processing line: year=2023
Aug 05, 2025 12:36:36 AM refactored.io.ProductDataImporter importData
FINE: Processing line: author=Joshua Bloch
Aug 05, 2025 12:36:36 AM refactored.io.ProductDataImporter importData
FINE: Processing line: publisher=Addison-Wesley
Aug 05, 2025 12:36:36 AM refactored.io.ProductDataImporter importData
FINE: Processing line: =
Aug 05, 2025 12:36:36 AM refactored.io.ProductDataImporter importData
FINE: Processing line: type=electronics
Aug 05, 2025 12:36:37 AM refactored.io.ProductDataImporter importData
FINE: Processing line: id=654321
Aug 05, 2025 12:36:37 AM refactored.io.ProductDataImporter importData
FINE: Processing line: name=Smartphone
Aug 05, 2025 12:36:37 AM refactored.io.ProductDataImporter importData
FINE: Processing line: price=599.99
Aug 05, 2025 12:36:37 AM refactored.io.ProductDataImporter importData
FINE: Processing line: year=2022
Aug 05, 2025 12:36:37 AM refactored.io.ProductDataImporter importData
FINE: Processing line: maker=Samsung
Aug 05, 2025 12:36:37 AM refactored.io.ProductDataImporter importData
FINE: Processing line: 
Aug 05, 2025 12:36:37 AM refactored.io.ProductDataImporter importData
FINE: Setting up new product
Aug 05, 2025 12:36:37 AM refactored.io.ProductDataImporter importData
FINE: Added new product: item ID: 654321, Name of item: Smartphone, Year: 2022, Price: 599.99, Maker: Samsung
</system-err>
  </testcase>
</testsuite>